package configuration for libffi is not found
have_header: checking for ffi.h... -------------------- no

"gcc -E -I../../.ext/include/x86_64-linux -I../.././include -I../.././ext/fiddle     -O3 -ggdb -Wall -Wextra -Wno-unused-parameter -Wno-parentheses -Wno-long-long -Wno-missing-field-initializers -Wpointer-arith -Wwrite-strings -Wdeclaration-after-statement -Wimplicit-function-declaration  conftest.c -o conftest.i"
conftest.c:3:17: fatal error: ffi.h: No such file or directory
compilation terminated.
checked program was:
/* begin */
1: #include "ruby.h"
2: 
3: #include <ffi.h>
/* end */

--------------------

have_header: checking for ffi/ffi.h... -------------------- no

"gcc -E -I../../.ext/include/x86_64-linux -I../.././include -I../.././ext/fiddle     -O3 -ggdb -Wall -Wextra -Wno-unused-parameter -Wno-parentheses -Wno-long-long -Wno-missing-field-initializers -Wpointer-arith -Wwrite-strings -Wdeclaration-after-statement -Wimplicit-function-declaration  conftest.c -o conftest.i"
conftest.c:3:21: fatal error: ffi/ffi.h: No such file or directory
compilation terminated.
checked program was:
/* begin */
1: #include "ruby.h"
2: 
3: #include <ffi/ffi.h>
/* end */

--------------------

ffi.h is missing. Please install libffi.
Failed to configure fiddle. It will not be installed.
