have_header: checking for syslog.h... -------------------- yes

"gcc -E -I../../.ext/include/i686-linux -I../.././include -I../.././ext/syslog  -D_FILE_OFFSET_BITS=64   -O3 -ggdb -Wall -Wextra -Wno-unused-parameter -Wno-parentheses -Wno-long-long -Wno-missing-field-initializers -Wpointer-arith -Wwrite-strings -Wdeclaration-after-statement -Wimplicit-function-declaration  conftest.c -o conftest.i"
checked program was:
/* begin */
1: #include "ruby.h"
2: 
3: #include <syslog.h>
/* end */

--------------------

have_func: checking for openlog()... -------------------- yes

"gcc -o conftest -I../../.ext/include/i686-linux -I../.././include -I../.././ext/syslog  -D_FILE_OFFSET_BITS=64   -O3 -ggdb -Wall -Wextra -Wno-unused-parameter -Wno-parentheses -Wno-long-long -Wno-missing-field-initializers -Wpointer-arith -Wwrite-strings -Wdeclaration-after-statement -Wimplicit-function-declaration conftest.c  -L. -L../.. -L.  -rdynamic -Wl,-export-dynamic     -Wl,-R -Wl,/usr/local/lib -L/usr/local/lib -lruby-static  -lpthread -lrt -ldl -lcrypt -lm   -lc"
conftest.c: In function ‘t’:
conftest.c:9:57: error: ‘openlog’ undeclared (first use in this function)
conftest.c:9:57: note: each undeclared identifier is reported only once for each function it appears in
conftest.c:9:32: warning: variable ‘p’ set but not used [-Wunused-but-set-variable]
checked program was:
/* begin */
1: #include "ruby.h"
2: 
3: /*top*/
4: int main(int argc, char **argv)
5: {
6:   return 0;
7: }
8: extern int t(void);
9: int t(void) { void ((*volatile p)()); p = (void ((*)()))openlog; return 0; }
/* end */

"gcc -o conftest -I../../.ext/include/i686-linux -I../.././include -I../.././ext/syslog  -D_FILE_OFFSET_BITS=64   -O3 -ggdb -Wall -Wextra -Wno-unused-parameter -Wno-parentheses -Wno-long-long -Wno-missing-field-initializers -Wpointer-arith -Wwrite-strings -Wdeclaration-after-statement -Wimplicit-function-declaration conftest.c  -L. -L../.. -L.  -rdynamic -Wl,-export-dynamic     -Wl,-R -Wl,/usr/local/lib -L/usr/local/lib -lruby-static  -lpthread -lrt -ldl -lcrypt -lm   -lc"
conftest.c: In function ‘t’:
conftest.c:9:1: warning: implicit declaration of function ‘openlog’ [-Wimplicit-function-declaration]
checked program was:
/* begin */
1: #include "ruby.h"
2: 
3: /*top*/
4: int main(int argc, char **argv)
5: {
6:   return 0;
7: }
8: extern int t(void);
9: int t(void) { openlog(); return 0; }
/* end */

--------------------

have_func: checking for setlogmask()... -------------------- yes

"gcc -o conftest -I../../.ext/include/i686-linux -I../.././include -I../.././ext/syslog  -D_FILE_OFFSET_BITS=64   -O3 -ggdb -Wall -Wextra -Wno-unused-parameter -Wno-parentheses -Wno-long-long -Wno-missing-field-initializers -Wpointer-arith -Wwrite-strings -Wdeclaration-after-statement -Wimplicit-function-declaration conftest.c  -L. -L../.. -L.  -rdynamic -Wl,-export-dynamic     -Wl,-R -Wl,/usr/local/lib -L/usr/local/lib -lruby-static  -lpthread -lrt -ldl -lcrypt -lm   -lc"
conftest.c: In function ‘t’:
conftest.c:9:57: error: ‘setlogmask’ undeclared (first use in this function)
conftest.c:9:57: note: each undeclared identifier is reported only once for each function it appears in
conftest.c:9:32: warning: variable ‘p’ set but not used [-Wunused-but-set-variable]
checked program was:
/* begin */
1: #include "ruby.h"
2: 
3: /*top*/
4: int main(int argc, char **argv)
5: {
6:   return 0;
7: }
8: extern int t(void);
9: int t(void) { void ((*volatile p)()); p = (void ((*)()))setlogmask; return 0; }
/* end */

"gcc -o conftest -I../../.ext/include/i686-linux -I../.././include -I../.././ext/syslog  -D_FILE_OFFSET_BITS=64   -O3 -ggdb -Wall -Wextra -Wno-unused-parameter -Wno-parentheses -Wno-long-long -Wno-missing-field-initializers -Wpointer-arith -Wwrite-strings -Wdeclaration-after-statement -Wimplicit-function-declaration conftest.c  -L. -L../.. -L.  -rdynamic -Wl,-export-dynamic     -Wl,-R -Wl,/usr/local/lib -L/usr/local/lib -lruby-static  -lpthread -lrt -ldl -lcrypt -lm   -lc"
conftest.c: In function ‘t’:
conftest.c:9:1: warning: implicit declaration of function ‘setlogmask’ [-Wimplicit-function-declaration]
checked program was:
/* begin */
1: #include "ruby.h"
2: 
3: /*top*/
4: int main(int argc, char **argv)
5: {
6:   return 0;
7: }
8: extern int t(void);
9: int t(void) { setlogmask(); return 0; }
/* end */

--------------------

extconf.h is:
/* begin */
1: #ifndef EXTCONF_H
2: #define EXTCONF_H
3: #define HAVE_SYSLOG_H 1
4: #define HAVE_OPENLOG 1
5: #define HAVE_SETLOGMASK 1
6: #endif
/* end */

