have_func: checking for iconv() in iconv.h... -------------------- yes

"gcc -o conftest -I../../.ext/include/i686-linux -I../.././include -I../.././ext/iconv  -D_FILE_OFFSET_BITS=64   -O3 -ggdb -Wall -Wextra -Wno-unused-parameter -Wno-parentheses -Wno-long-long -Wno-missing-field-initializers -Wpointer-arith -Wwrite-strings -Wdeclaration-after-statement -Wimplicit-function-declaration conftest.c  -L. -L../.. -L.  -rdynamic -Wl,-export-dynamic     -Wl,-R -Wl,/usr/local/lib -L/usr/local/lib -lruby-static  -lpthread -lrt -ldl -lcrypt -lm   -lc"
conftest.c: In function ‘t’:
conftest.c:11:32: warning: variable ‘p’ set but not used [-Wunused-but-set-variable]
checked program was:
/* begin */
 1: #include "ruby.h"
 2: 
 3: #include <iconv.h>
 4: 
 5: /*top*/
 6: int main(int argc, char **argv)
 7: {
 8:   return 0;
 9: }
10: extern int t(void);
11: int t(void) { void ((*volatile p)()); p = (void ((*)()))iconv; return 0; }
/* end */

--------------------

check_signedness: checking signedness of size_t... -------------------- unsigned

"gcc -I../../.ext/include/i686-linux -I../.././include -I../.././ext/iconv  -D_FILE_OFFSET_BITS=64   -O3 -ggdb -Wall -Wextra -Wno-unused-parameter -Wno-parentheses -Wno-long-long -Wno-missing-field-initializers -Wpointer-arith -Wwrite-strings -Wdeclaration-after-statement -Wimplicit-function-declaration   -c conftest.c"
conftest.c:6:1: warning: comparison of unsigned expression < 0 is always false [-Wtype-limits]
conftest.c:6:5: error: size of array ‘conftest_const’ is negative
checked program was:
/* begin */
1: #include "ruby.h"
2: 
3: typedef size_t rbcv_typedef_;
4: 
5: /*top*/
6: int conftest_const[((rbcv_typedef_)-1 < 0) ? 1 : -1];
/* end */

"gcc -I../../.ext/include/i686-linux -I../.././include -I../.././ext/iconv  -D_FILE_OFFSET_BITS=64   -O3 -ggdb -Wall -Wextra -Wno-unused-parameter -Wno-parentheses -Wno-long-long -Wno-missing-field-initializers -Wpointer-arith -Wwrite-strings -Wdeclaration-after-statement -Wimplicit-function-declaration   -c conftest.c"
checked program was:
/* begin */
1: #include "ruby.h"
2: 
3: typedef size_t rbcv_typedef_;
4: 
5: /*top*/
6: int conftest_const[((rbcv_typedef_)-1 > 0) ? 1 : -1];
/* end */

--------------------

checking for const of iconv() 2nd argument... -------------------- no

gcc -E -I../../.ext/include/i686-linux -I../.././include -I../.././ext/iconv  -D_FILE_OFFSET_BITS=64   -O3 -ggdb -Wall -Wextra -Wno-unused-parameter -Wno-parentheses -Wno-long-long -Wno-missing-field-initializers -Wpointer-arith -Wwrite-strings -Wdeclaration-after-statement -Wimplicit-function-declaration  conftest.c  |
iconv (iconv_t __cd, char **__restrict __inbuf,
       size_t *__restrict __inbytesleft,
       char **__restrict __outbuf,
       size_t *__restrict __outbytesleft);
--------------------

have_func: checking for iconvlist() in iconv.h... -------------------- no

"gcc -o conftest -I../../.ext/include/i686-linux -I../.././include -I../.././ext/iconv  -D_FILE_OFFSET_BITS=64   -O3 -ggdb -Wall -Wextra -Wno-unused-parameter -Wno-parentheses -Wno-long-long -Wno-missing-field-initializers -Wpointer-arith -Wwrite-strings -Wdeclaration-after-statement -Wimplicit-function-declaration conftest.c  -L. -L../.. -L.  -rdynamic -Wl,-export-dynamic     -Wl,-R -Wl,/usr/local/lib -L/usr/local/lib -lruby-static  -lpthread -lrt -ldl -lcrypt -lm   -lc"
conftest.c: In function ‘t’:
conftest.c:11:57: error: ‘iconvlist’ undeclared (first use in this function)
conftest.c:11:57: note: each undeclared identifier is reported only once for each function it appears in
conftest.c:11:32: warning: variable ‘p’ set but not used [-Wunused-but-set-variable]
checked program was:
/* begin */
 1: #include "ruby.h"
 2: 
 3: #include <iconv.h>
 4: 
 5: /*top*/
 6: int main(int argc, char **argv)
 7: {
 8:   return 0;
 9: }
10: extern int t(void);
11: int t(void) { void ((*volatile p)()); p = (void ((*)()))iconvlist; return 0; }
/* end */

"gcc -o conftest -I../../.ext/include/i686-linux -I../.././include -I../.././ext/iconv  -D_FILE_OFFSET_BITS=64   -O3 -ggdb -Wall -Wextra -Wno-unused-parameter -Wno-parentheses -Wno-long-long -Wno-missing-field-initializers -Wpointer-arith -Wwrite-strings -Wdeclaration-after-statement -Wimplicit-function-declaration conftest.c  -L. -L../.. -L.  -rdynamic -Wl,-export-dynamic     -Wl,-R -Wl,/usr/local/lib -L/usr/local/lib -lruby-static  -lpthread -lrt -ldl -lcrypt -lm   -lc"
conftest.c: In function ‘t’:
conftest.c:11:1: warning: implicit declaration of function ‘iconvlist’ [-Wimplicit-function-declaration]
/tmp/ccc6BvfJ.o: In function `t':
/home/vax7/u40/nbook/ruby-1.9.3-p429/ext/iconv/conftest.c:11: undefined reference to `iconvlist'
collect2: error: ld returned 1 exit status
checked program was:
/* begin */
 1: #include "ruby.h"
 2: 
 3: #include <iconv.h>
 4: 
 5: /*top*/
 6: int main(int argc, char **argv)
 7: {
 8:   return 0;
 9: }
10: extern int t(void);
11: int t(void) { iconvlist(); return 0; }
/* end */

--------------------

have_func: checking for __iconv_free_list() in iconv.h... -------------------- no

"gcc -o conftest -I../../.ext/include/i686-linux -I../.././include -I../.././ext/iconv  -D_FILE_OFFSET_BITS=64   -O3 -ggdb -Wall -Wextra -Wno-unused-parameter -Wno-parentheses -Wno-long-long -Wno-missing-field-initializers -Wpointer-arith -Wwrite-strings -Wdeclaration-after-statement -Wimplicit-function-declaration conftest.c  -L. -L../.. -L.  -rdynamic -Wl,-export-dynamic     -Wl,-R -Wl,/usr/local/lib -L/usr/local/lib -lruby-static  -lpthread -lrt -ldl -lcrypt -lm   -lc"
conftest.c: In function ‘t’:
conftest.c:11:57: error: ‘__iconv_free_list’ undeclared (first use in this function)
conftest.c:11:57: note: each undeclared identifier is reported only once for each function it appears in
conftest.c:11:32: warning: variable ‘p’ set but not used [-Wunused-but-set-variable]
checked program was:
/* begin */
 1: #include "ruby.h"
 2: 
 3: #include <iconv.h>
 4: 
 5: /*top*/
 6: int main(int argc, char **argv)
 7: {
 8:   return 0;
 9: }
10: extern int t(void);
11: int t(void) { void ((*volatile p)()); p = (void ((*)()))__iconv_free_list; return 0; }
/* end */

"gcc -o conftest -I../../.ext/include/i686-linux -I../.././include -I../.././ext/iconv  -D_FILE_OFFSET_BITS=64   -O3 -ggdb -Wall -Wextra -Wno-unused-parameter -Wno-parentheses -Wno-long-long -Wno-missing-field-initializers -Wpointer-arith -Wwrite-strings -Wdeclaration-after-statement -Wimplicit-function-declaration conftest.c  -L. -L../.. -L.  -rdynamic -Wl,-export-dynamic     -Wl,-R -Wl,/usr/local/lib -L/usr/local/lib -lruby-static  -lpthread -lrt -ldl -lcrypt -lm   -lc"
conftest.c: In function ‘t’:
conftest.c:11:1: warning: implicit declaration of function ‘__iconv_free_list’ [-Wimplicit-function-declaration]
/tmp/ccX89M53.o: In function `t':
/home/vax7/u40/nbook/ruby-1.9.3-p429/ext/iconv/conftest.c:11: undefined reference to `__iconv_free_list'
collect2: error: ld returned 1 exit status
checked program was:
/* begin */
 1: #include "ruby.h"
 2: 
 3: #include <iconv.h>
 4: 
 5: /*top*/
 6: int main(int argc, char **argv)
 7: {
 8:   return 0;
 9: }
10: extern int t(void);
11: int t(void) { __iconv_free_list(); return 0; }
/* end */

--------------------

extconf.h is:
/* begin */
1: #ifndef EXTCONF_H
2: #define EXTCONF_H
3: #define HAVE_ICONV 1
4: #define SIGNEDNESS_OF_SIZE_T +1
5: #endif
/* end */

