"gcc -I../../../.ext/include/x86_64-linux -I../../.././include -I../../.././ext/io/console     -O3 -ggdb -Wall -Wextra -Wno-unused-parameter -Wno-parentheses -Wno-long-long -Wno-missing-field-initializers -Wpointer-arith -Wwrite-strings -Wdeclaration-after-statement -Wimplicit-function-declaration   -c conftest.c"
conftest.c:5:3: error: #error 
conftest.c:6:1: error: expected identifier or ‘(’ before ‘>>’ token
checked program was:
/* begin */
1: #include "ruby.h"
2: 
3: /*top*/
4: #ifndef _WIN32
5: # error
6: >>>>>> _WIN32 undefined <<<<<<
7: #endif
/* end */

have_header: checking for termios.h... -------------------- yes

"gcc -E -I../../../.ext/include/x86_64-linux -I../../.././include -I../../.././ext/io/console     -O3 -ggdb -Wall -Wextra -Wno-unused-parameter -Wno-parentheses -Wno-long-long -Wno-missing-field-initializers -Wpointer-arith -Wwrite-strings -Wdeclaration-after-statement -Wimplicit-function-declaration  conftest.c -o conftest.i"
checked program was:
/* begin */
1: #include "ruby.h"
2: 
3: #include <termios.h>
/* end */

--------------------

have_func: checking for cfmakeraw() in termios.h... -------------------- yes

"gcc -o conftest -I../../../.ext/include/x86_64-linux -I../../.././include -I../../.././ext/io/console     -O3 -ggdb -Wall -Wextra -Wno-unused-parameter -Wno-parentheses -Wno-long-long -Wno-missing-field-initializers -Wpointer-arith -Wwrite-strings -Wdeclaration-after-statement -Wimplicit-function-declaration conftest.c  -L. -L../../.. -L.  -rdynamic -Wl,-export-dynamic     -Wl,-R -Wl,/usr/local/lib -L/usr/local/lib -lruby-static  -lpthread -lrt -ldl -lcrypt -lm   -lc"
conftest.c: In function ‘t’:
conftest.c:11:32: warning: variable ‘p’ set but not used [-Wunused-but-set-variable]
checked program was:
/* begin */
 1: #include "ruby.h"
 2: 
 3: #include <termios.h>
 4: 
 5: /*top*/
 6: int main(int argc, char **argv)
 7: {
 8:   return 0;
 9: }
10: extern int t(void);
11: int t(void) { void ((*volatile p)()); p = (void ((*)()))cfmakeraw; return 0; }
/* end */

--------------------

have_header: checking for sys/ioctl.h... -------------------- yes

"gcc -E -I../../../.ext/include/x86_64-linux -I../../.././include -I../../.././ext/io/console     -O3 -ggdb -Wall -Wextra -Wno-unused-parameter -Wno-parentheses -Wno-long-long -Wno-missing-field-initializers -Wpointer-arith -Wwrite-strings -Wdeclaration-after-statement -Wimplicit-function-declaration  conftest.c -o conftest.i"
checked program was:
/* begin */
1: #include "ruby.h"
2: 
3: #include <sys/ioctl.h>
/* end */

--------------------

have_func: checking for rb_io_get_write_io() in ruby/io.h... -------------------- yes

"gcc -o conftest -I../../../.ext/include/x86_64-linux -I../../.././include -I../../.././ext/io/console     -O3 -ggdb -Wall -Wextra -Wno-unused-parameter -Wno-parentheses -Wno-long-long -Wno-missing-field-initializers -Wpointer-arith -Wwrite-strings -Wdeclaration-after-statement -Wimplicit-function-declaration conftest.c  -L. -L../../.. -L.  -rdynamic -Wl,-export-dynamic     -Wl,-R -Wl,/usr/local/lib -L/usr/local/lib -lruby-static  -lpthread -lrt -ldl -lcrypt -lm   -lc"
conftest.c: In function ‘t’:
conftest.c:11:32: warning: variable ‘p’ set but not used [-Wunused-but-set-variable]
checked program was:
/* begin */
 1: #include "ruby.h"
 2: 
 3: #include <ruby/io.h>
 4: 
 5: /*top*/
 6: int main(int argc, char **argv)
 7: {
 8:   return 0;
 9: }
10: extern int t(void);
11: int t(void) { void ((*volatile p)()); p = (void ((*)()))rb_io_get_write_io; return 0; }
/* end */

--------------------

have_func: checking for dup3() in unistd.h... -------------------- yes

"gcc -o conftest -I../../../.ext/include/x86_64-linux -I../../.././include -I../../.././ext/io/console     -O3 -ggdb -Wall -Wextra -Wno-unused-parameter -Wno-parentheses -Wno-long-long -Wno-missing-field-initializers -Wpointer-arith -Wwrite-strings -Wdeclaration-after-statement -Wimplicit-function-declaration conftest.c  -L. -L../../.. -L.  -rdynamic -Wl,-export-dynamic     -Wl,-R -Wl,/usr/local/lib -L/usr/local/lib -lruby-static  -lpthread -lrt -ldl -lcrypt -lm   -lc"
conftest.c: In function ‘t’:
conftest.c:11:32: warning: variable ‘p’ set but not used [-Wunused-but-set-variable]
checked program was:
/* begin */
 1: #include "ruby.h"
 2: 
 3: #include <unistd.h>
 4: 
 5: /*top*/
 6: int main(int argc, char **argv)
 7: {
 8:   return 0;
 9: }
10: extern int t(void);
11: int t(void) { void ((*volatile p)()); p = (void ((*)()))dup3; return 0; }
/* end */

--------------------

extconf.h is:
/* begin */
1: #ifndef EXTCONF_H
2: #define EXTCONF_H
3: #define HAVE_TERMIOS_H 1
4: #define HAVE_CFMAKERAW 1
5: #define HAVE_SYS_IOCTL_H 1
6: #define HAVE_RB_IO_GET_WRITE_IO 1
7: #define HAVE_DUP3 1
8: #endif
/* end */

